C:\projects\micropolis\MicropolisCore\src\CellEngine\python\[SwigOutDir]\cellengine[OutputSuffix]
C:\PROJECTS\MICROPOLIS\MICROPOLISCORE\SRC\CELLENGINE\PYTHON\CSHARP RELEASE\_CELLENGINE.PYD
C:\PROJECTS\MICROPOLIS\MICROPOLISCORE\SRC\CELLENGINE\PYTHON\CSHARP RELEASE\CELLENGINE.DLL.INTERMEDIATE.MANIFEST
C:\PROJECTS\MICROPOLIS\MICROPOLISCORE\SRC\CELLENGINE\PYTHON\CSHARP RELEASE\CELLENGINE.OBJ
C:\PROJECTS\MICROPOLIS\MICROPOLISCORE\SRC\CELLENGINE\PYTHON\CSHARP RELEASE\CELLENGINE.PCH
C:\projects\micropolis\MicropolisCore\src\CellEngine\python\CSharp Release\CellEngine.write.1.tlog
C:\PROJECTS\MICROPOLIS\MICROPOLISCORE\SRC\CELLENGINE\PYTHON\CSHARP RELEASE\CELLENGINE_WRAP.OBJ
C:\PROJECTS\MICROPOLIS\MICROPOLISCORE\SRC\CELLENGINE\PYTHON\CSHARP RELEASE\CELLENGINEMAIN.OBJ
C:\projects\micropolis\MicropolisCore\src\CellEngine\python\CSharp Release\cl.command.1.tlog
C:\projects\micropolis\MicropolisCore\src\CellEngine\python\CSharp Release\CL.read.1.tlog
C:\projects\micropolis\MicropolisCore\src\CellEngine\python\CSharp Release\CL.write.1.tlog
C:\projects\micropolis\MicropolisCore\src\CellEngine\python\CSharp Release\link.command.1.tlog
C:\projects\micropolis\MicropolisCore\src\CellEngine\python\CSharp Release\link.read.1.tlog
C:\projects\micropolis\MicropolisCore\src\CellEngine\python\CSharp Release\link.write.1.tlog
C:\projects\micropolis\MicropolisCore\src\CellEngine\python\CSharp Release\mt.command.1.tlog
C:\projects\micropolis\MicropolisCore\src\CellEngine\python\CSharp Release\mt.read.1.tlog
C:\projects\micropolis\MicropolisCore\src\CellEngine\python\CSharp Release\mt.write.1.tlog
C:\PROJECTS\MICROPOLIS\MICROPOLISCORE\SRC\CELLENGINE\PYTHON\CSHARP RELEASE\RULETABLES.OBJ
C:\PROJECTS\MICROPOLIS\MICROPOLISCORE\SRC\CELLENGINE\PYTHON\CSHARP RELEASE\STDAFX.OBJ
C:\PROJECTS\MICROPOLIS\MICROPOLISCORE\SRC\CELLENGINE\PYTHON\CSHARP RELEASE\VC100.PDB
C:\projects\micropolis\MicropolisCore\src\CSharp Release\CellEngine.exp
C:\projects\micropolis\MicropolisCore\src\CSharp Release\CellEngine.lib
C:\PROJECTS\MICROPOLIS\MICROPOLISCORE\SRC\CSHARP RELEASE\CELLENGINE.PDB
