C:\projects\micropolis\MicropolisCore\src\CSharp Release\TileEngine.exp
C:\projects\micropolis\MicropolisCore\src\CSharp Release\TileEngine.lib
C:\PROJECTS\MICROPOLIS\MICROPOLISCORE\SRC\CSHARP RELEASE\TILEENGINE.PDB
C:\projects\micropolis\MicropolisCore\src\TileEngine\python\[SwigOutDir]\tileengine[OutputSuffix]
C:\PROJECTS\MICROPOLIS\MICROPOLISCORE\SRC\TILEENGINE\PYTHON\CSHARP RELEASE\_TILEENGINE.PYD
C:\projects\micropolis\MicropolisCore\src\TileEngine\python\CSharp Release\cl.command.1.tlog
C:\projects\micropolis\MicropolisCore\src\TileEngine\python\CSharp Release\CL.read.1.tlog
C:\projects\micropolis\MicropolisCore\src\TileEngine\python\CSharp Release\CL.write.1.tlog
C:\projects\micropolis\MicropolisCore\src\TileEngine\python\CSharp Release\link.command.1.tlog
C:\projects\micropolis\MicropolisCore\src\TileEngine\python\CSharp Release\link.read.1.tlog
C:\projects\micropolis\MicropolisCore\src\TileEngine\python\CSharp Release\link.write.1.tlog
C:\projects\micropolis\MicropolisCore\src\TileEngine\python\CSharp Release\mt.command.1.tlog
C:\projects\micropolis\MicropolisCore\src\TileEngine\python\CSharp Release\mt.read.1.tlog
C:\projects\micropolis\MicropolisCore\src\TileEngine\python\CSharp Release\mt.write.1.tlog
C:\PROJECTS\MICROPOLIS\MICROPOLISCORE\SRC\TILEENGINE\PYTHON\CSHARP RELEASE\STDAFX.OBJ
C:\PROJECTS\MICROPOLIS\MICROPOLISCORE\SRC\TILEENGINE\PYTHON\CSHARP RELEASE\TILEENGINE.DLL.INTERMEDIATE.MANIFEST
C:\PROJECTS\MICROPOLIS\MICROPOLISCORE\SRC\TILEENGINE\PYTHON\CSHARP RELEASE\TILEENGINE.OBJ
C:\PROJECTS\MICROPOLIS\MICROPOLISCORE\SRC\TILEENGINE\PYTHON\CSHARP RELEASE\TILEENGINE.PCH
C:\projects\micropolis\MicropolisCore\src\TileEngine\python\CSharp Release\TileEngine.write.1.tlog
C:\PROJECTS\MICROPOLIS\MICROPOLISCORE\SRC\TILEENGINE\PYTHON\CSHARP RELEASE\TILEENGINE_WRAP.OBJ
C:\PROJECTS\MICROPOLIS\MICROPOLISCORE\SRC\TILEENGINE\PYTHON\CSHARP RELEASE\TILEENGINEMAIN.OBJ
C:\PROJECTS\MICROPOLIS\MICROPOLISCORE\SRC\TILEENGINE\PYTHON\CSHARP RELEASE\VC100.PDB
